2019-04-03 22:22:14 TRACE root:29 - Train arrives and is added to the queue: Train 1 SPEEDY BARCELONA_SALOU
2019-04-03 22:22:15 TRACE root:29 - Train arrives and is added to the queue: Train 2 CARGO SALOU_BARCELONA
2019-04-03 22:22:15 TRACE root:29 - Train arrives and is added to the queue: Train 3 CARGO SALOU_BARCELONA
2019-04-03 22:22:16 TRACE root:29 - Train arrives and is added to the queue: Train 4 SPEEDY SALOU_BARCELONA
2019-04-03 22:22:16 TRACE root:29 - Train arrives and is added to the queue: Train 5 SPEEDY SALOU_BARCELONA
2019-04-03 22:22:16 TRACE root:29 - Train arrives and is added to the queue: Train 6 SPEEDY SALOU_BARCELONA
2019-04-03 22:22:17 TRACE root:29 - Train arrives and is added to the queue: Train 7 PASSENGER SALOU_BARCELONA
2019-04-03 22:22:18 TRACE root:62 - Train 1 SPEEDY BARCELONA_SALOU drives in Tunnel 1
2019-04-03 22:22:18 TRACE root:29 - Train arrives and is added to the queue: Train 8 SPEEDY BARCELONA_SALOU
2019-04-03 22:22:19 TRACE root:62 - Train 2 CARGO SALOU_BARCELONA drives in Tunnel 2
2019-04-03 22:22:19 TRACE root:29 - Train arrives and is added to the queue: Train 9 CARGO SALOU_BARCELONA
2019-04-03 22:22:20 TRACE root:62 - Train 3 CARGO SALOU_BARCELONA drives in Tunnel 2
2019-04-03 22:22:20 TRACE root:29 - Train arrives and is added to the queue: Train 10 CARGO SALOU_BARCELONA
2019-04-03 22:22:21 TRACE root:62 - Train 4 SPEEDY SALOU_BARCELONA drives in Tunnel 2
2019-04-03 22:22:22 TRACE root:62 - Train 5 SPEEDY SALOU_BARCELONA drives in Tunnel 2
2019-04-03 22:22:23 TRACE root:73 - Train 6 SPEEDY SALOU_BARCELONA moves to the sump, timeout.
2019-04-03 22:22:24 TRACE root:73 - Train 7 PASSENGER SALOU_BARCELONA moves to the sump, timeout.
2019-04-03 22:22:25 TRACE root:73 - Train 8 SPEEDY BARCELONA_SALOU moves to the sump, timeout.
2019-04-03 22:22:26 TRACE root:62 - Train 9 CARGO SALOU_BARCELONA drives in Tunnel 2
2019-04-03 22:22:27 TRACE root:73 - Train 10 CARGO SALOU_BARCELONA moves to the sump, timeout.
